<xlsx-modifications xmlns="http://www.xtpxlib.nl/ns/xoffice"
 xmlns:xsi="http://www.w3.org/2001/XMLSchema-instance"
 xsi:schemaLocation="http://www.xtpxlib.nl/ns/xoffice ../../../xsd/xlsx-modify.xsd">
  
  <worksheet name="TEST">
    <row index="1">
      <column index="1">
        <value>Upper left-hand corner</value>
      </column>
    </row>
  </worksheet>
  
</xlsx-modifications>
